d:\project\modernopengl\prj\debug\vc142.pdb
d:\project\modernopengl\prj\debug\vc142.idb
d:\project\modernopengl\prj\debug\window.obj
d:\project\modernopengl\prj\debug\texture.obj
d:\project\modernopengl\prj\debug\shader.obj
d:\project\modernopengl\prj\debug\mesh.obj
d:\project\modernopengl\prj\debug\main.obj
d:\project\modernopengl\prj\debug\camera.obj
d:\project\modernopengl\prj\debug\modernopengl.pdb
d:\project\modernopengl\prj\debug\modernopengl.tlog\cl.command.1.tlog
d:\project\modernopengl\prj\debug\modernopengl.tlog\cl.read.1.tlog
d:\project\modernopengl\prj\debug\modernopengl.tlog\cl.write.1.tlog
d:\project\modernopengl\prj\debug\modernopengl.tlog\link.25484-cvtres.read.1.tlog
d:\project\modernopengl\prj\debug\modernopengl.tlog\link.25484-cvtres.write.1.tlog
d:\project\modernopengl\prj\debug\modernopengl.tlog\link.25484-rc.read.1.tlog
d:\project\modernopengl\prj\debug\modernopengl.tlog\link.25484-rc.write.1.tlog
d:\project\modernopengl\prj\debug\modernopengl.tlog\link.25484.read.1.tlog
d:\project\modernopengl\prj\debug\modernopengl.tlog\link.25484.write.1.tlog
d:\project\modernopengl\prj\debug\modernopengl.tlog\link.command.1.tlog
d:\project\modernopengl\prj\debug\modernopengl.tlog\link.read.1.tlog
d:\project\modernopengl\prj\debug\modernopengl.tlog\link.write.1.tlog
